24-05-31 09:22:42.791 [restartedMain] INFO  l.i.g.s.ShoeShopBackEndApplication - Starting ShoeShopBackEndApplication using Java 17.0.10 with PID 23740 (D:\GDSE-66\Second Semester\AAD\CourseWork\Shoe-shop-management-system\shoe-shop-back-end\target\classes started by isuru in D:\GDSE-66\Second Semester\AAD\CourseWork\Shoe-shop-management-system\shoe-shop-back-end)
24-05-31 09:22:42.793 [restartedMain] INFO  l.i.g.s.ShoeShopBackEndApplication - No active profile set, falling back to 1 default profile: "default"
24-05-31 09:22:42.841 [restartedMain] INFO  o.s.b.d.e.DevToolsPropertyDefaultsPostProcessor - Devtools property defaults active! Set 'spring.devtools.add-properties' to 'false' to disable
24-05-31 09:22:42.842 [restartedMain] INFO  o.s.b.d.e.DevToolsPropertyDefaultsPostProcessor - For additional web related logging consider setting the 'logging.level.web' property to 'DEBUG'
24-05-31 09:22:43.583 [restartedMain] INFO  o.s.d.r.c.RepositoryConfigurationDelegate - Bootstrapping Spring Data JPA repositories in DEFAULT mode.
24-05-31 09:22:43.675 [restartedMain] INFO  o.s.d.r.c.RepositoryConfigurationDelegate - Finished Spring Data repository scanning in 84 ms. Found 7 JPA repository interfaces.
24-05-31 09:22:44.227 [restartedMain] INFO  o.s.b.w.e.tomcat.TomcatWebServer - Tomcat initialized with port 8080 (http)
24-05-31 09:22:44.239 [restartedMain] INFO  o.a.coyote.http11.Http11NioProtocol - Initializing ProtocolHandler ["http-nio-8080"]
24-05-31 09:22:44.241 [restartedMain] INFO  o.a.catalina.core.StandardService - Starting service [Tomcat]
24-05-31 09:22:44.242 [restartedMain] INFO  o.a.catalina.core.StandardEngine - Starting Servlet engine: [Apache Tomcat/10.1.20]
24-05-31 09:22:44.312 [restartedMain] INFO  o.a.c.c.C.[Tomcat].[localhost].[/] - Initializing Spring embedded WebApplicationContext
24-05-31 09:22:44.313 [restartedMain] INFO  o.s.b.w.s.c.ServletWebServerApplicationContext - Root WebApplicationContext: initialization completed in 1469 ms
24-05-31 09:22:44.424 [restartedMain] INFO  o.h.jpa.internal.util.LogHelper - HHH000204: Processing PersistenceUnitInfo [name: default]
24-05-31 09:22:44.535 [restartedMain] INFO  org.hibernate.Version - HHH000412: Hibernate ORM core version 6.4.4.Final
24-05-31 09:22:44.570 [restartedMain] INFO  o.h.c.i.RegionFactoryInitiator - HHH000026: Second-level cache disabled
24-05-31 09:22:44.845 [restartedMain] INFO  o.s.o.j.p.SpringPersistenceUnitInfo - No LoadTimeWeaver setup: ignoring JPA class transformer
24-05-31 09:22:44.872 [restartedMain] INFO  com.zaxxer.hikari.HikariDataSource - HikariPool-1 - Starting...
24-05-31 09:22:45.279 [restartedMain] INFO  com.zaxxer.hikari.pool.HikariPool - HikariPool-1 - Added connection com.mysql.cj.jdbc.ConnectionImpl@2dbcb540
24-05-31 09:22:45.282 [restartedMain] INFO  com.zaxxer.hikari.HikariDataSource - HikariPool-1 - Start completed.
24-05-31 09:22:45.363 [restartedMain] WARN  org.hibernate.orm.deprecation - HHH90000025: MySQL8Dialect does not need to be specified explicitly using 'hibernate.dialect' (remove the property setting and it will be selected by default)
24-05-31 09:22:45.364 [restartedMain] WARN  org.hibernate.orm.deprecation - HHH90000026: MySQL8Dialect has been deprecated; use org.hibernate.dialect.MySQLDialect instead
24-05-31 09:22:46.662 [restartedMain] INFO  o.h.e.t.j.p.i.JtaPlatformInitiator - HHH000489: No JTA platform available (set 'hibernate.transaction.jta.platform' to enable JTA platform integration)
24-05-31 09:22:46.886 [restartedMain] INFO  o.s.o.j.LocalContainerEntityManagerFactoryBean - Initialized JPA EntityManagerFactory for persistence unit 'default'
24-05-31 09:22:47.371 [restartedMain] INFO  o.s.d.j.r.query.QueryEnhancerFactory - Hibernate is in classpath; If applicable, HQL parser will be used.
24-05-31 09:22:48.003 [restartedMain] WARN  o.s.b.a.o.j.JpaBaseConfiguration$JpaWebConfiguration - spring.jpa.open-in-view is enabled by default. Therefore, database queries may be performed during view rendering. Explicitly configure spring.jpa.open-in-view to disable this warning
24-05-31 09:22:48.281 [restartedMain] INFO  o.s.s.web.DefaultSecurityFilterChain - Will secure any request with [org.springframework.security.web.session.DisableEncodeUrlFilter@53cbb73d, org.springframework.security.web.context.request.async.WebAsyncManagerIntegrationFilter@580f8883, org.springframework.security.web.context.SecurityContextHolderFilter@5712d61f, org.springframework.security.web.header.HeaderWriterFilter@74859513, org.springframework.web.filter.CorsFilter@7307f08d, org.springframework.security.web.authentication.logout.LogoutFilter@431abac1, lk.ijse.gdse.shoeshopbackend.config.JwtConfigurationFilter$$SpringCGLIB$$0@2b82c7f9, org.springframework.security.web.savedrequest.RequestCacheAwareFilter@8bd665a, org.springframework.security.web.servletapi.SecurityContextHolderAwareRequestFilter@951f306, org.springframework.security.web.authentication.AnonymousAuthenticationFilter@9e5a8fd, org.springframework.security.web.session.SessionManagementFilter@6f70de95, org.springframework.security.web.access.ExceptionTranslationFilter@50e6b7bf, org.springframework.security.web.access.intercept.AuthorizationFilter@5b5a02ad]
24-05-31 09:22:48.469 [restartedMain] INFO  o.s.b.d.a.OptionalLiveReloadServer - LiveReload server is running on port 35729
24-05-31 09:22:48.495 [restartedMain] INFO  o.a.coyote.http11.Http11NioProtocol - Starting ProtocolHandler ["http-nio-8080"]
24-05-31 09:22:48.531 [restartedMain] INFO  o.s.b.w.e.tomcat.TomcatWebServer - Tomcat started on port 8080 (http) with context path ''
24-05-31 09:22:48.545 [restartedMain] INFO  l.i.g.s.ShoeShopBackEndApplication - Started ShoeShopBackEndApplication in 6.106 seconds (process running for 7.29)
24-05-31 09:23:15.691 [http-nio-8080-exec-2] INFO  o.a.c.c.C.[Tomcat].[localhost].[/] - Initializing Spring DispatcherServlet 'dispatcherServlet'
24-05-31 09:23:15.691 [http-nio-8080-exec-2] INFO  o.s.web.servlet.DispatcherServlet - Initializing Servlet 'dispatcherServlet'
24-05-31 09:23:15.691 [http-nio-8080-exec-2] INFO  o.s.web.servlet.DispatcherServlet - Completed initialization in 0 ms
24-05-31 09:27:23.618 [SpringApplicationShutdownHook] INFO  o.s.o.j.LocalContainerEntityManagerFactoryBean - Closing JPA EntityManagerFactory for persistence unit 'default'
24-05-31 09:27:23.629 [SpringApplicationShutdownHook] INFO  com.zaxxer.hikari.HikariDataSource - HikariPool-1 - Shutdown initiated...
24-05-31 09:27:23.675 [SpringApplicationShutdownHook] INFO  com.zaxxer.hikari.HikariDataSource - HikariPool-1 - Shutdown completed.
